<?xml version="1.0" encoding="UTF-8"?>
<testng-results ignored="0" total="2" passed="2" failed="0" skipped="0">
  <reporter-output>
  </reporter-output>
  <suite started-at="2024-02-09T12:02:09 IST" name="Default suite" finished-at="2024-02-09T12:02:23 IST" duration-ms="13342">
    <groups>
    </groups>
    <test started-at="2024-02-09T12:02:09 IST" name="Default test" finished-at="2024-02-09T12:02:23 IST" duration-ms="13342">
      <class name="mainClass.MainClass">
        <test-method is-config="true" signature="openchrome()[pri:0, instance:mainClass.MainClass@6cb107fd]" started-at="2024-02-09T12:02:09 IST" name="openchrome" finished-at="2024-02-09T12:02:14 IST" duration-ms="4427" status="PASS">
          <reporter-output>
          </reporter-output>
        </test-method> <!-- openchrome -->
        <test-method signature="login()[pri:1, instance:mainClass.MainClass@6cb107fd]" started-at="2024-02-09T12:02:14 IST" name="login" finished-at="2024-02-09T12:02:19 IST" duration-ms="4701" status="PASS">
          <reporter-output>
          </reporter-output>
        </test-method> <!-- login -->
        <test-method signature="testlogout()[pri:2, instance:mainClass.MainClass@6cb107fd]" started-at="2024-02-09T12:02:19 IST" name="testlogout" finished-at="2024-02-09T12:02:23 IST" duration-ms="4179" status="PASS">
          <reporter-output>
          </reporter-output>
        </test-method> <!-- testlogout -->
        <test-method is-config="true" signature="closebrowser()[pri:0, instance:mainClass.MainClass@6cb107fd]" started-at="2024-02-09T12:02:23 IST" name="closebrowser" finished-at="2024-02-09T12:02:23 IST" duration-ms="1" status="PASS">
          <reporter-output>
          </reporter-output>
        </test-method> <!-- closebrowser -->
      </class> <!-- mainClass.MainClass -->
    </test> <!-- Default test -->
  </suite> <!-- Default suite -->
</testng-results>
